2020/03/08 11:53:43 SlimLog.go:55: Setup trace for production
2020/03/08 11:57:23 SlimLog.go:55: Setup trace for production
2020/03/08 11:57:23 SlimLog.go:55: Setup trace for production
2020/03/08 11:59:31 SlimLog.go:55: Setup trace for production
2020/03/08 11:59:31 SlimLog.go:55: Setup trace for production
2020/03/08 12:01:37 SlimLog.go:55: Setup trace for production
2020/03/08 12:01:37 context.go:56: [1]
2020/03/08 12:01:37 SlimLog.go:55: Setup trace for production
2020/03/08 12:01:37 context.go:56: [1]
2020/03/08 12:03:54 SlimLog.go:55: Setup trace for production
2020/03/08 12:03:54 context.go:56: Post args: [1]
2020/03/08 12:03:54 SlimLog.go:55: Setup trace for production
2020/03/08 12:03:54 context.go:56: Post args: [1]
2020/03/08 12:07:41 SlimLog.go:55: Setup trace for production
2020/03/08 12:07:41 context.go:56: Post args: [1]
2020/03/08 12:07:41 SlimLog.go:55: Setup trace for production
2020/03/08 12:07:41 context.go:56: Post args: [1]
2020/03/08 13:13:52 SlimLog.go:55: Setup trace for production
2020/03/08 13:13:52 context.go:57: Post args: [1]
2020/03/08 13:13:52 SlimLog.go:55: Setup trace for production
2020/03/08 13:13:52 context.go:57: Post args: [1]
2020/03/08 13:16:11 SlimLog.go:55: Setup trace for production
2020/03/08 13:16:11 context.go:57: Post args: [1]
2020/03/08 13:16:11 SlimLog.go:55: Setup trace for production
2020/03/08 13:16:11 context.go:57: Post args: [1]
2020/03/08 13:16:55 SlimLog.go:55: Setup trace for production
2020/03/08 13:16:55 context.go:57: Post args: [1]
2020/03/08 13:16:55 SlimLog.go:55: Setup trace for production
2020/03/08 13:16:55 context.go:57: Post args: [1]
2020/03/08 13:16:55 SlimLog.go:55: Setup trace for production
2020/03/08 13:16:55 context.go:57: Post args: [-test.coverprofile=C:\Users\RIK~1.ESS\AppData\Local\Temp\go-build315520874\b001\_cover_.out -test.v=true]
2020/03/08 13:16:55 context.go:33: flag provided but not defined: -test.timeout
2020/03/08 14:37:24 SlimLog.go:55: Setup trace for production
2020/03/08 14:37:24 context.go:59: Post args: [1]
2020/03/08 14:37:24 SlimLog.go:55: Setup trace for production
2020/03/08 14:37:24 context.go:59: Post args: [1]
2020/03/08 14:38:25 SlimLog.go:55: Setup trace for production
2020/03/08 14:38:25 context.go:59: Post args: [1]
2020/03/08 14:38:25 SlimLog.go:55: Setup trace for production
2020/03/08 14:38:25 context.go:59: Post args: [1]
2020/03/08 14:45:10 SlimLog.go:55: Setup trace for production
2020/03/08 14:45:10 context.go:63: Post args: [1]
2020/03/08 14:45:11 SlimLog.go:55: Setup trace for production
2020/03/08 14:45:11 context.go:63: Post args: [8475]
2020/03/08 14:46:46 SlimLog.go:55: Setup trace for production
2020/03/08 14:46:46 context.go:64: Post args: [1]
2020/03/08 14:46:46 SlimLog.go:55: Setup trace for production
2020/03/08 14:46:46 context.go:64: Post args: [8475]
2020/03/08 14:48:19 SlimLog.go:55: Setup trace for production
2020/03/08 14:48:19 context.go:64: Post args: [1]
2020/03/08 14:48:19 SlimLog.go:55: Setup trace for production
2020/03/08 14:48:19 context.go:64: Post args: [8475]
2020/03/08 14:51:21 SlimLog.go:55: Setup trace for production
2020/03/08 14:51:21 context.go:64: Post args: [1]
2020/03/08 14:51:21 SlimLog.go:55: Setup trace for production
2020/03/08 14:51:21 context.go:64: Post args: [8475]
2020/03/08 14:51:21 SlimLog.go:55: Setup trace for production
2020/03/08 14:51:21 context.go:64: Post args: []
2020/03/08 14:53:59 SlimLog.go:55: Setup trace for production
2020/03/08 14:53:59 context.go:64: Post args: [1]
2020/03/08 14:53:59 SlimLog.go:55: Setup trace for production
2020/03/08 14:53:59 context.go:64: Post args: [8475]
2020/03/08 14:53:59 SlimLog.go:55: Setup trace for production
2020/03/08 14:53:59 context.go:64: Post args: [a]
2020/03/08 14:55:26 SlimLog.go:55: Setup trace for production
2020/03/08 14:55:26 context.go:64: Post args: [1]
2020/03/08 14:55:26 SlimLog.go:55: Setup trace for production
2020/03/08 14:55:26 context.go:64: Post args: [8475]
2020/03/08 14:55:26 SlimLog.go:55: Setup trace for production
2020/03/08 14:55:26 context.go:64: Post args: [a]
2020/03/08 14:57:09 SlimLog.go:55: Setup trace for production
2020/03/08 14:57:09 context.go:64: Post args: [1]
2020/03/08 14:57:09 SlimLog.go:55: Setup trace for production
2020/03/08 14:57:09 context.go:64: Post args: [8475]
2020/03/08 14:57:09 SlimLog.go:55: Setup trace for production
2020/03/08 14:57:09 context.go:64: Post args: [a]
2020/03/10 17:09:22 SlimLog.go:55: Setup trace for production
2020/03/10 17:09:22 context.go:64: Post args: [1]
2020/03/10 17:09:22 SlimLog.go:55: Setup trace for production
2020/03/10 17:09:22 context.go:64: Post args: [8475]
2020/03/10 17:09:22 SlimLog.go:55: Setup trace for production
2020/03/10 17:09:22 context.go:64: Post args: [a]
2020/03/10 17:10:13 SlimLog.go:55: Setup trace for production
2020/03/10 17:10:13 context.go:64: Post args: [1]
2020/03/10 17:10:13 SlimLog.go:55: Setup trace for production
2020/03/10 17:10:13 context.go:64: Post args: [8475]
2020/03/10 17:10:13 SlimLog.go:55: Setup trace for production
2020/03/10 17:10:13 context.go:64: Post args: [a]
2020/03/13 18:37:43 SlimLog.go:55: Setup trace for production
2020/03/13 18:37:43 SlimLog.go:55: Setup trace for production
2020/03/13 18:37:43 SlimLog.go:55: Setup trace for production
2020/03/14 18:12:18 SlimLog.go:55: Setup trace for production
2020/03/14 18:12:18 SlimLog.go:55: Setup trace for production
2020/03/14 18:12:18 SlimLog.go:55: Setup trace for production
2020/03/14 21:20:39 SlimLog.go:55: Setup trace for production
2020/03/14 21:20:39 SlimLog.go:55: Setup trace for production
2020/03/14 21:20:39 SlimLog.go:55: Setup trace for production
2020/03/14 21:31:54 SlimLog.go:55: Setup trace for production
2020/03/14 21:31:54 SlimLog.go:55: Setup trace for production
2020/03/14 21:31:54 SlimLog.go:55: Setup trace for production
2020/03/14 21:36:18 SlimLog.go:55: Setup trace for production
2020/03/14 21:36:18 SlimLog.go:55: Setup trace for production
2020/03/14 21:36:18 SlimLog.go:55: Setup trace for production
2020/03/14 21:38:39 SlimLog.go:55: Setup trace for production
2020/03/14 21:38:39 SlimLog.go:55: Setup trace for production
2020/03/14 21:38:39 SlimLog.go:55: Setup trace for production
2020/03/14 21:39:11 SlimLog.go:55: Setup trace for production
2020/03/14 21:39:11 SlimLog.go:55: Setup trace for production
2020/03/14 21:39:11 SlimLog.go:55: Setup trace for production
2020/03/14 21:53:16 SlimLog.go:55: Setup trace for production
2020/03/14 21:53:16 SlimLog.go:55: Setup trace for production
2020/03/14 21:53:16 SlimLog.go:55: Setup trace for production
2020/03/14 21:56:13 SlimLog.go:55: Setup trace for production
2020/03/14 21:56:13 SlimLog.go:55: Setup trace for production
2020/03/14 21:56:13 SlimLog.go:55: Setup trace for production
2020/03/14 21:56:28 SlimLog.go:55: Setup trace for production
2020/03/14 21:56:28 SlimLog.go:55: Setup trace for production
2020/03/14 21:56:28 SlimLog.go:55: Setup trace for production
2020/03/14 21:56:52 SlimLog.go:55: Setup trace for production
2020/03/14 21:56:52 SlimLog.go:55: Setup trace for production
2020/03/14 21:56:52 SlimLog.go:55: Setup trace for production
2020/03/14 22:02:28 SlimLog.go:55: Setup trace for production
2020/03/14 22:02:28 SlimLog.go:55: Setup trace for production
2020/03/14 22:02:28 SlimLog.go:55: Setup trace for production
2020/03/14 22:40:54 SlimLog.go:55: Setup trace for production
2020/03/14 22:40:54 SlimLog.go:55: Setup trace for production
2020/03/14 22:40:54 SlimLog.go:55: Setup trace for production
2020/03/14 22:41:50 SlimLog.go:55: Setup trace for production
2020/03/14 22:41:50 SlimLog.go:55: Setup trace for production
2020/03/14 22:41:50 SlimLog.go:55: Setup trace for production
2020/03/14 22:42:03 SlimLog.go:55: Setup trace for production
2020/03/14 22:42:03 SlimLog.go:55: Setup trace for production
2020/03/14 22:42:03 SlimLog.go:55: Setup trace for production
2020/03/14 22:47:36 SlimLog.go:55: Setup trace for production
2020/03/14 22:47:36 SlimLog.go:55: Setup trace for production
2020/03/14 22:47:36 SlimLog.go:55: Setup trace for production
2020/03/14 22:54:38 SlimLog.go:55: Setup trace for production
2020/03/14 22:54:38 SlimLog.go:55: Setup trace for production
2020/03/14 22:54:38 SlimLog.go:55: Setup trace for production
2020/03/14 22:55:47 SlimLog.go:55: Setup trace for production
2020/03/14 22:55:47 SlimLog.go:55: Setup trace for production
2020/03/14 22:55:47 SlimLog.go:55: Setup trace for production
2020/03/14 22:57:09 SlimLog.go:55: Setup trace for production
2020/03/14 22:57:09 SlimLog.go:55: Setup trace for production
2020/03/14 22:57:09 SlimLog.go:55: Setup trace for production
2020/03/14 23:01:43 SlimLog.go:55: Setup trace for production
2020/03/14 23:01:43 SlimLog.go:55: Setup trace for production
2020/03/14 23:01:43 SlimLog.go:55: Setup trace for production
2020/03/14 23:08:44 SlimLog.go:55: Setup trace for production
2020/03/14 23:08:44 SlimLog.go:55: Setup trace for production
2020/03/14 23:08:44 SlimLog.go:55: Setup trace for production
2020/03/14 23:11:46 SlimLog.go:55: Setup trace for production
2020/03/14 23:11:46 SlimLog.go:55: Setup trace for production
2020/03/14 23:11:46 SlimLog.go:55: Setup trace for production
2020/03/14 23:12:16 SlimLog.go:55: Setup trace for production
2020/03/14 23:12:16 SlimLog.go:55: Setup trace for production
2020/03/14 23:12:16 SlimLog.go:55: Setup trace for production
2020/03/14 23:17:52 SlimLog.go:55: Setup trace for production
2020/03/14 23:17:52 SlimLog.go:55: Setup trace for production
2020/03/14 23:17:52 SlimLog.go:55: Setup trace for production
2020/03/14 23:44:57 SlimLog.go:55: Setup trace for production
2020/03/14 23:44:57 SlimLog.go:55: Setup trace for production
2020/03/14 23:44:57 SlimLog.go:55: Setup trace for production
2020/03/14 23:46:42 SlimLog.go:55: Setup trace for production
2020/03/14 23:46:42 SlimLog.go:55: Setup trace for production
2020/03/14 23:46:42 SlimLog.go:55: Setup trace for production
2020/03/14 23:51:41 SlimLog.go:55: Setup trace for production
2020/03/14 23:51:41 SlimLog.go:55: Setup trace for production
2020/03/14 23:51:41 SlimLog.go:55: Setup trace for production
2020/03/14 23:52:47 SlimLog.go:55: Setup trace for production
2020/03/14 23:52:47 SlimLog.go:55: Setup trace for production
2020/03/14 23:52:47 SlimLog.go:55: Setup trace for production
